==58172== Helgrind, a thread error detector
==58172== Copyright (C) 2007-2017, and GNU GPL'd, by OpenWorks LLP et al.
==58172== Using Valgrind-3.18.1 and LibVEX; rerun with -h for copyright info
==58172== Command: ./philo 4 310 200 100
==58172== 
==58172== ---Thread-Announcement------------------------------------------
==58172== 
==58172== Thread #3 was created
==58172==    at 0x499D9F3: clone (clone.S:76)
==58172==    by 0x499E8EE: __clone_internal (clone-internal.c:83)
==58172==    by 0x490C6D8: create_thread (pthread_create.c:295)
==58172==    by 0x490D1FF: pthread_create@@GLIBC_2.34 (pthread_create.c:828)
==58172==    by 0x4853767: ??? (in /usr/libexec/valgrind/vgpreload_helgrind-amd64-linux.so)
==58172==    by 0x4012AE: start_simulation (main.c:32)
==58172==    by 0x40147A: main (main.c:81)
==58172== 
==58172== ----------------------------------------------------------------
==58172== 
==58172== Thread #3: lock order "0x4AA4090 before 0x4AA4068" violated
==58172== 
==58172== Observed (incorrect) order is: acquisition of lock at 0x4AA4068
==58172==    at 0x4850CCF: ??? (in /usr/libexec/valgrind/vgpreload_helgrind-amd64-linux.so)
==58172==    by 0x401CF8: take_a_forks (eating.c:17)
==58172==    by 0x401EDB: eating (eating.c:69)
==58172==    by 0x401C51: philo_routine (routine.c:31)
==58172==    by 0x485396A: ??? (in /usr/libexec/valgrind/vgpreload_helgrind-amd64-linux.so)
==58172==    by 0x490CAC2: start_thread (pthread_create.c:442)
==58172==    by 0x499DA03: clone (clone.S:100)
==58172== 
==58172==  followed by a later acquisition of lock at 0x4AA4090
==58172==    at 0x4850CCF: ??? (in /usr/libexec/valgrind/vgpreload_helgrind-amd64-linux.so)
==58172==    by 0x401D47: take_a_forks (eating.c:24)
==58172==    by 0x401EDB: eating (eating.c:69)
==58172==    by 0x401C51: philo_routine (routine.c:31)
==58172==    by 0x485396A: ??? (in /usr/libexec/valgrind/vgpreload_helgrind-amd64-linux.so)
==58172==    by 0x490CAC2: start_thread (pthread_create.c:442)
==58172==    by 0x499DA03: clone (clone.S:100)
==58172== 
==58172==  Lock at 0x4AA4090 was first observed
==58172==    at 0x4850CCF: ??? (in /usr/libexec/valgrind/vgpreload_helgrind-amd64-linux.so)
==58172==    by 0x401CF8: take_a_forks (eating.c:17)
==58172==    by 0x401EDB: eating (eating.c:69)
==58172==    by 0x401C51: philo_routine (routine.c:31)
==58172==    by 0x485396A: ??? (in /usr/libexec/valgrind/vgpreload_helgrind-amd64-linux.so)
==58172==    by 0x490CAC2: start_thread (pthread_create.c:442)
==58172==    by 0x499DA03: clone (clone.S:100)
==58172==  Address 0x4aa4090 is 80 bytes inside a block of size 160 alloc'd
==58172==    at 0x484A919: malloc (in /usr/libexec/valgrind/vgpreload_helgrind-amd64-linux.so)
==58172==    by 0x40168B: init_forks (initialization.c:19)
==58172==    by 0x4015F0: init_table (initialization.c:96)
==58172==    by 0x40143C: main (main.c:75)
==58172==  Block was alloc'd by thread #1
==58172== 
==58172==  Lock at 0x4AA4068 was first observed
==58172==    at 0x4850CCF: ??? (in /usr/libexec/valgrind/vgpreload_helgrind-amd64-linux.so)
==58172==    by 0x401D47: take_a_forks (eating.c:24)
==58172==    by 0x401EDB: eating (eating.c:69)
==58172==    by 0x401C51: philo_routine (routine.c:31)
==58172==    by 0x485396A: ??? (in /usr/libexec/valgrind/vgpreload_helgrind-amd64-linux.so)
==58172==    by 0x490CAC2: start_thread (pthread_create.c:442)
==58172==    by 0x499DA03: clone (clone.S:100)
==58172==  Address 0x4aa4068 is 40 bytes inside a block of size 160 alloc'd
==58172==    at 0x484A919: malloc (in /usr/libexec/valgrind/vgpreload_helgrind-amd64-linux.so)
==58172==    by 0x40168B: init_forks (initialization.c:19)
==58172==    by 0x4015F0: init_table (initialization.c:96)
==58172==    by 0x40143C: main (main.c:75)
==58172==  Block was alloc'd by thread #1
==58172== 
==58172== 
==58172== 
==58172== Use --history-level=approx or =none to gain increased speed, at
==58172== the cost of reduced accuracy of conflicting-access information
==58172== For lists of detected and suppressed errors, rerun with: -s
==58172== ERROR SUMMARY: 1 errors from 1 contexts (suppressed: 33257 from 154)
